[1.684s] Invoking command in '/home/nvidia/vcii/wudi/hezi_ros2/src/demo1/follow_traj_wd': PYTHONPATH=/home/nvidia/vcii/wudi/hezi_ros2/src/demo1/follow_traj_wd/build/follow_traj_wd/prefix_override:/usr/lib/python3/dist-packages/colcon_core/task/python/colcon_distutils_commands:/home/nvidia/vcii/wudi/hezi_ros2/src/demo1/follow_traj_wd/install/follow_traj_wd/lib/python3.8/site-packages:${PYTHONPATH} /usr/bin/python3 -W ignore:setup.py install is deprecated setup.py egg_info --egg-base build/follow_traj_wd build --build-base /home/nvidia/vcii/wudi/hezi_ros2/src/demo1/follow_traj_wd/build/follow_traj_wd/build install --record /home/nvidia/vcii/wudi/hezi_ros2/src/demo1/follow_traj_wd/build/follow_traj_wd/install.log --single-version-externally-managed install_data
[2.263s] running egg_info
[2.264s] writing build/follow_traj_wd/follow_traj_wd.egg-info/PKG-INFO
[2.265s] writing dependency_links to build/follow_traj_wd/follow_traj_wd.egg-info/dependency_links.txt
[2.265s] writing entry points to build/follow_traj_wd/follow_traj_wd.egg-info/entry_points.txt
[2.266s] writing requirements to build/follow_traj_wd/follow_traj_wd.egg-info/requires.txt
[2.266s] writing top-level names to build/follow_traj_wd/follow_traj_wd.egg-info/top_level.txt
[2.339s] reading manifest file 'build/follow_traj_wd/follow_traj_wd.egg-info/SOURCES.txt'
[2.341s] writing manifest file 'build/follow_traj_wd/follow_traj_wd.egg-info/SOURCES.txt'
[2.341s] running build
[2.341s] running build_py
[2.344s] copying follow_traj_wd/adjust_trajectory_node.py -> /home/nvidia/vcii/wudi/hezi_ros2/src/demo1/follow_traj_wd/build/follow_traj_wd/build/lib/follow_traj_wd
[2.346s] running install
[2.348s] running install_lib
[2.352s] copying /home/nvidia/vcii/wudi/hezi_ros2/src/demo1/follow_traj_wd/build/follow_traj_wd/build/lib/follow_traj_wd/adjust_trajectory_node.py -> /home/nvidia/vcii/wudi/hezi_ros2/src/demo1/follow_traj_wd/install/follow_traj_wd/lib/python3.8/site-packages/follow_traj_wd
[2.356s] byte-compiling /home/nvidia/vcii/wudi/hezi_ros2/src/demo1/follow_traj_wd/install/follow_traj_wd/lib/python3.8/site-packages/follow_traj_wd/adjust_trajectory_node.py to adjust_trajectory_node.cpython-38.pyc
[2.364s] running install_data
[2.366s] running install_egg_info
[2.371s] removing '/home/nvidia/vcii/wudi/hezi_ros2/src/demo1/follow_traj_wd/install/follow_traj_wd/lib/python3.8/site-packages/follow_traj_wd-0.0.0-py3.8.egg-info' (and everything under it)
[2.372s] Copying build/follow_traj_wd/follow_traj_wd.egg-info to /home/nvidia/vcii/wudi/hezi_ros2/src/demo1/follow_traj_wd/install/follow_traj_wd/lib/python3.8/site-packages/follow_traj_wd-0.0.0-py3.8.egg-info
[2.374s] running install_scripts
[2.414s] Installing adjust_trajectory script to /home/nvidia/vcii/wudi/hezi_ros2/src/demo1/follow_traj_wd/install/follow_traj_wd/lib/follow_traj_wd
[2.414s] Installing can_node script to /home/nvidia/vcii/wudi/hezi_ros2/src/demo1/follow_traj_wd/install/follow_traj_wd/lib/follow_traj_wd
[2.415s] Installing follow_node script to /home/nvidia/vcii/wudi/hezi_ros2/src/demo1/follow_traj_wd/install/follow_traj_wd/lib/follow_traj_wd
[2.417s] Installing mpc_follow_node script to /home/nvidia/vcii/wudi/hezi_ros2/src/demo1/follow_traj_wd/install/follow_traj_wd/lib/follow_traj_wd
[2.419s] writing list of installed files to '/home/nvidia/vcii/wudi/hezi_ros2/src/demo1/follow_traj_wd/build/follow_traj_wd/install.log'
[2.516s] Invoked command in '/home/nvidia/vcii/wudi/hezi_ros2/src/demo1/follow_traj_wd' returned '0': PYTHONPATH=/home/nvidia/vcii/wudi/hezi_ros2/src/demo1/follow_traj_wd/build/follow_traj_wd/prefix_override:/usr/lib/python3/dist-packages/colcon_core/task/python/colcon_distutils_commands:/home/nvidia/vcii/wudi/hezi_ros2/src/demo1/follow_traj_wd/install/follow_traj_wd/lib/python3.8/site-packages:${PYTHONPATH} /usr/bin/python3 -W ignore:setup.py install is deprecated setup.py egg_info --egg-base build/follow_traj_wd build --build-base /home/nvidia/vcii/wudi/hezi_ros2/src/demo1/follow_traj_wd/build/follow_traj_wd/build install --record /home/nvidia/vcii/wudi/hezi_ros2/src/demo1/follow_traj_wd/build/follow_traj_wd/install.log --single-version-externally-managed install_data
