[1.658s] Invoking command in '/home/nvidia/vcii/wudi/hezi_ros2/src/demo1/follow_traj_wd': PYTHONPATH=/home/nvidia/vcii/wudi/hezi_ros2/src/demo1/follow_traj_wd/build/follow_traj_wd/prefix_override:/usr/lib/python3/dist-packages/colcon_core/task/python/colcon_distutils_commands:/home/nvidia/vcii/wudi/hezi_ros2/src/demo1/follow_traj_wd/install/follow_traj_wd/lib/python3.8/site-packages:${PYTHONPATH} /usr/bin/python3 -W ignore:setup.py install is deprecated setup.py egg_info --egg-base build/follow_traj_wd build --build-base /home/nvidia/vcii/wudi/hezi_ros2/src/demo1/follow_traj_wd/build/follow_traj_wd/build install --record /home/nvidia/vcii/wudi/hezi_ros2/src/demo1/follow_traj_wd/build/follow_traj_wd/install.log --single-version-externally-managed install_data
[2.166s] running egg_info
[2.166s] writing build/follow_traj_wd/follow_traj_wd.egg-info/PKG-INFO
[2.167s] writing dependency_links to build/follow_traj_wd/follow_traj_wd.egg-info/dependency_links.txt
[2.168s] writing entry points to build/follow_traj_wd/follow_traj_wd.egg-info/entry_points.txt
[2.168s] writing requirements to build/follow_traj_wd/follow_traj_wd.egg-info/requires.txt
[2.168s] writing top-level names to build/follow_traj_wd/follow_traj_wd.egg-info/top_level.txt
[2.238s] reading manifest file 'build/follow_traj_wd/follow_traj_wd.egg-info/SOURCES.txt'
[2.240s] writing manifest file 'build/follow_traj_wd/follow_traj_wd.egg-info/SOURCES.txt'
[2.240s] running build
[2.240s] running build_py
[2.245s] running install
[2.248s] running install_lib
[2.255s] running install_data
[2.256s] running install_egg_info
[2.264s] removing '/home/nvidia/vcii/wudi/hezi_ros2/src/demo1/follow_traj_wd/install/follow_traj_wd/lib/python3.8/site-packages/follow_traj_wd-0.0.0-py3.8.egg-info' (and everything under it)
[2.265s] Copying build/follow_traj_wd/follow_traj_wd.egg-info to /home/nvidia/vcii/wudi/hezi_ros2/src/demo1/follow_traj_wd/install/follow_traj_wd/lib/python3.8/site-packages/follow_traj_wd-0.0.0-py3.8.egg-info
[2.269s] running install_scripts
[2.329s] Installing adjust_trajectory script to /home/nvidia/vcii/wudi/hezi_ros2/src/demo1/follow_traj_wd/install/follow_traj_wd/lib/follow_traj_wd
[2.330s] Installing can_node script to /home/nvidia/vcii/wudi/hezi_ros2/src/demo1/follow_traj_wd/install/follow_traj_wd/lib/follow_traj_wd
[2.331s] Installing follow_node script to /home/nvidia/vcii/wudi/hezi_ros2/src/demo1/follow_traj_wd/install/follow_traj_wd/lib/follow_traj_wd
[2.333s] Installing mpc_follow_node script to /home/nvidia/vcii/wudi/hezi_ros2/src/demo1/follow_traj_wd/install/follow_traj_wd/lib/follow_traj_wd
[2.335s] writing list of installed files to '/home/nvidia/vcii/wudi/hezi_ros2/src/demo1/follow_traj_wd/build/follow_traj_wd/install.log'
[2.427s] Invoked command in '/home/nvidia/vcii/wudi/hezi_ros2/src/demo1/follow_traj_wd' returned '0': PYTHONPATH=/home/nvidia/vcii/wudi/hezi_ros2/src/demo1/follow_traj_wd/build/follow_traj_wd/prefix_override:/usr/lib/python3/dist-packages/colcon_core/task/python/colcon_distutils_commands:/home/nvidia/vcii/wudi/hezi_ros2/src/demo1/follow_traj_wd/install/follow_traj_wd/lib/python3.8/site-packages:${PYTHONPATH} /usr/bin/python3 -W ignore:setup.py install is deprecated setup.py egg_info --egg-base build/follow_traj_wd build --build-base /home/nvidia/vcii/wudi/hezi_ros2/src/demo1/follow_traj_wd/build/follow_traj_wd/build install --record /home/nvidia/vcii/wudi/hezi_ros2/src/demo1/follow_traj_wd/build/follow_traj_wd/install.log --single-version-externally-managed install_data
