[0.499s] DEBUG:colcon:Command line arguments: ['/usr/bin/colcon', 'build']
[0.500s] DEBUG:colcon:Parsed command line arguments: Namespace(allow_overriding=[], ament_cmake_args=None, base_paths=['.'], build_base='build', catkin_cmake_args=None, catkin_skip_building_tests=False, cmake_args=None, cmake_clean_cache=False, cmake_clean_first=False, cmake_force_configure=False, cmake_target=None, cmake_target_skip_unavailable=False, continue_on_error=False, event_handlers=None, executor='parallel', ignore_user_meta=False, install_base='install', log_base=None, log_level=None, main=<bound method BuildVerb.main of <colcon_core.verb.build.BuildVerb object at 0xffffad39abe0>>, merge_install=False, metas=['./colcon.meta'], packages_above=None, packages_above_and_dependencies=None, packages_above_depth=None, packages_end=None, packages_ignore=None, packages_ignore_regex=None, packages_select=None, packages_select_build_failed=False, packages_select_by_dep=None, packages_select_regex=None, packages_select_test_failures=False, packages_skip=None, packages_skip_build_finished=False, packages_skip_by_dep=None, packages_skip_regex=None, packages_skip_test_passed=False, packages_skip_up_to=None, packages_start=None, packages_up_to=None, packages_up_to_regex=None, parallel_workers=12, paths=None, symlink_install=False, test_result_base=None, verb_extension=<colcon_core.verb.build.BuildVerb object at 0xffffad39abe0>, verb_name='build', verb_parser=<colcon_defaults.argument_parser.defaults.DefaultArgumentsDecorator object at 0xffffad3a7370>)
[0.865s] Level 1:colcon.colcon_core.package_discovery:discover_packages(colcon_meta) check parameters
[0.866s] Level 1:colcon.colcon_core.package_discovery:discover_packages(recursive) check parameters
[0.866s] Level 1:colcon.colcon_core.package_discovery:discover_packages(ignore) check parameters
[0.866s] Level 1:colcon.colcon_core.package_discovery:discover_packages(path) check parameters
[0.866s] Level 1:colcon.colcon_core.package_discovery:discover_packages(colcon_meta) discover
[0.866s] Level 1:colcon.colcon_core.package_discovery:discover_packages(recursive) discover
[0.867s] INFO:colcon.colcon_core.package_discovery:Crawling recursively for packages in '/home/nvidia/vcii/wudi/hezi_ros2/src/demo1/follow_traj_wd'
[0.867s] Level 1:colcon.colcon_core.package_identification:_identify(.) by extensions ['ignore', 'ignore_ament_install']
[0.867s] Level 1:colcon.colcon_core.package_identification:_identify(.) by extension 'ignore'
[0.867s] Level 1:colcon.colcon_core.package_identification:_identify(.) by extension 'ignore_ament_install'
[0.868s] Level 1:colcon.colcon_core.package_identification:_identify(.) by extensions ['colcon_pkg']
[0.868s] Level 1:colcon.colcon_core.package_identification:_identify(.) by extension 'colcon_pkg'
[0.868s] Level 1:colcon.colcon_core.package_identification:_identify(.) by extensions ['colcon_meta']
[0.868s] Level 1:colcon.colcon_core.package_identification:_identify(.) by extension 'colcon_meta'
[0.868s] Level 1:colcon.colcon_core.package_identification:_identify(.) by extensions ['ros']
[0.868s] Level 1:colcon.colcon_core.package_identification:_identify(.) by extension 'ros'
[0.901s] DEBUG:colcon.colcon_core.package_identification:Package '.' with type 'ros.ament_python' and name 'follow_traj_wd'
[0.901s] Level 1:colcon.colcon_core.package_discovery:discover_packages(recursive) using defaults
[0.901s] Level 1:colcon.colcon_core.package_discovery:discover_packages(ignore) discover
[0.901s] Level 1:colcon.colcon_core.package_discovery:discover_packages(ignore) using defaults
[0.901s] Level 1:colcon.colcon_core.package_discovery:discover_packages(path) discover
[0.902s] Level 1:colcon.colcon_core.package_discovery:discover_packages(path) using defaults
[0.946s] Level 1:colcon.colcon_core.package_discovery:discover_packages(prefix_path) check parameters
[0.946s] Level 1:colcon.colcon_core.package_discovery:discover_packages(prefix_path) discover
[0.951s] DEBUG:colcon.colcon_installed_package_information.package_discovery:Found 1 installed packages in /home/nvidia/vcii/wudi/hezi_ros2/src/demo1/follow_traj_wd/install
[0.952s] DEBUG:colcon.colcon_installed_package_information.package_discovery:Found 1 installed packages in /home/nvidia/gnss_ws/install
[0.954s] DEBUG:colcon.colcon_installed_package_information.package_discovery:Found 2 installed packages in /home/nvidia/rslidar_ws/install
[0.955s] DEBUG:colcon.colcon_installed_package_information.package_discovery:Found 1 installed packages in /home/nvidia/camera_ws/install
[0.956s] DEBUG:colcon.colcon_installed_package_information.package_discovery:Found 1 installed packages in /home/nvidia/zdhy/camera_ws/install
[0.959s] DEBUG:colcon.colcon_installed_package_information.package_discovery:Found 268 installed packages in /opt/ros/foxy
[0.962s] Level 1:colcon.colcon_core.package_discovery:discover_packages(prefix_path) using defaults
[1.150s] Level 5:colcon.colcon_core.verb:set package 'follow_traj_wd' build argument 'cmake_args' from command line to 'None'
[1.150s] Level 5:colcon.colcon_core.verb:set package 'follow_traj_wd' build argument 'cmake_target' from command line to 'None'
[1.150s] Level 5:colcon.colcon_core.verb:set package 'follow_traj_wd' build argument 'cmake_target_skip_unavailable' from command line to 'False'
[1.150s] Level 5:colcon.colcon_core.verb:set package 'follow_traj_wd' build argument 'cmake_clean_cache' from command line to 'False'
[1.150s] Level 5:colcon.colcon_core.verb:set package 'follow_traj_wd' build argument 'cmake_clean_first' from command line to 'False'
[1.150s] Level 5:colcon.colcon_core.verb:set package 'follow_traj_wd' build argument 'cmake_force_configure' from command line to 'False'
[1.150s] Level 5:colcon.colcon_core.verb:set package 'follow_traj_wd' build argument 'ament_cmake_args' from command line to 'None'
[1.150s] Level 5:colcon.colcon_core.verb:set package 'follow_traj_wd' build argument 'catkin_cmake_args' from command line to 'None'
[1.151s] Level 5:colcon.colcon_core.verb:set package 'follow_traj_wd' build argument 'catkin_skip_building_tests' from command line to 'False'
[1.151s] DEBUG:colcon.colcon_core.verb:Building package 'follow_traj_wd' with the following arguments: {'ament_cmake_args': None, 'build_base': '/home/nvidia/vcii/wudi/hezi_ros2/src/demo1/follow_traj_wd/build/follow_traj_wd', 'catkin_cmake_args': None, 'catkin_skip_building_tests': False, 'cmake_args': None, 'cmake_clean_cache': False, 'cmake_clean_first': False, 'cmake_force_configure': False, 'cmake_target': None, 'cmake_target_skip_unavailable': False, 'install_base': '/home/nvidia/vcii/wudi/hezi_ros2/src/demo1/follow_traj_wd/install/follow_traj_wd', 'merge_install': False, 'path': '/home/nvidia/vcii/wudi/hezi_ros2/src/demo1/follow_traj_wd', 'symlink_install': False, 'test_result_base': None}
[1.151s] INFO:colcon.colcon_core.executor:Executing jobs using 'parallel' executor
[1.155s] DEBUG:colcon.colcon_parallel_executor.executor.parallel:run_until_complete
[1.156s] INFO:colcon.colcon_ros.task.ament_python.build:Building ROS package in '/home/nvidia/vcii/wudi/hezi_ros2/src/demo1/follow_traj_wd' with build type 'ament_python'
[1.156s] Level 1:colcon.colcon_core.shell:create_environment_hook('follow_traj_wd', 'ament_prefix_path')
[1.162s] INFO:colcon.colcon_core.plugin_system:Skipping extension 'colcon_core.shell.bat': Not used on non-Windows systems
[1.162s] INFO:colcon.colcon_core.shell:Creating environment hook '/home/nvidia/vcii/wudi/hezi_ros2/src/demo1/follow_traj_wd/install/follow_traj_wd/share/follow_traj_wd/hook/ament_prefix_path.ps1'
[1.164s] INFO:colcon.colcon_core.shell:Creating environment descriptor '/home/nvidia/vcii/wudi/hezi_ros2/src/demo1/follow_traj_wd/install/follow_traj_wd/share/follow_traj_wd/hook/ament_prefix_path.dsv'
[1.167s] INFO:colcon.colcon_core.shell:Creating environment hook '/home/nvidia/vcii/wudi/hezi_ros2/src/demo1/follow_traj_wd/install/follow_traj_wd/share/follow_traj_wd/hook/ament_prefix_path.sh'
[1.170s] INFO:colcon.colcon_core.shell:Skip shell extension 'powershell' for command environment: Not usable outside of PowerShell
[1.171s] DEBUG:colcon.colcon_core.shell:Skip shell extension 'dsv' for command environment
[1.842s] INFO:colcon.colcon_core.task.python.build:Building Python package in '/home/nvidia/vcii/wudi/hezi_ros2/src/demo1/follow_traj_wd'
[1.844s] INFO:colcon.colcon_core.shell:Skip shell extension 'powershell' for command environment: Not usable outside of PowerShell
[1.845s] DEBUG:colcon.colcon_core.shell:Skip shell extension 'dsv' for command environment
[2.925s] DEBUG:colcon.colcon_core.event_handler.log_command:Invoking command in '/home/nvidia/vcii/wudi/hezi_ros2/src/demo1/follow_traj_wd': PYTHONPATH=/home/nvidia/vcii/wudi/hezi_ros2/src/demo1/follow_traj_wd/build/follow_traj_wd/prefix_override:/usr/lib/python3/dist-packages/colcon_core/task/python/colcon_distutils_commands:/home/nvidia/vcii/wudi/hezi_ros2/src/demo1/follow_traj_wd/install/follow_traj_wd/lib/python3.8/site-packages:${PYTHONPATH} /usr/bin/python3 -W ignore:setup.py install is deprecated setup.py egg_info --egg-base build/follow_traj_wd build --build-base /home/nvidia/vcii/wudi/hezi_ros2/src/demo1/follow_traj_wd/build/follow_traj_wd/build install --record /home/nvidia/vcii/wudi/hezi_ros2/src/demo1/follow_traj_wd/build/follow_traj_wd/install.log --single-version-externally-managed install_data
[3.751s] DEBUG:colcon.colcon_core.event_handler.log_command:Invoked command in '/home/nvidia/vcii/wudi/hezi_ros2/src/demo1/follow_traj_wd' returned '0': PYTHONPATH=/home/nvidia/vcii/wudi/hezi_ros2/src/demo1/follow_traj_wd/build/follow_traj_wd/prefix_override:/usr/lib/python3/dist-packages/colcon_core/task/python/colcon_distutils_commands:/home/nvidia/vcii/wudi/hezi_ros2/src/demo1/follow_traj_wd/install/follow_traj_wd/lib/python3.8/site-packages:${PYTHONPATH} /usr/bin/python3 -W ignore:setup.py install is deprecated setup.py egg_info --egg-base build/follow_traj_wd build --build-base /home/nvidia/vcii/wudi/hezi_ros2/src/demo1/follow_traj_wd/build/follow_traj_wd/build install --record /home/nvidia/vcii/wudi/hezi_ros2/src/demo1/follow_traj_wd/build/follow_traj_wd/install.log --single-version-externally-managed install_data
[3.759s] Level 1:colcon.colcon_core.environment:checking '/home/nvidia/vcii/wudi/hezi_ros2/src/demo1/follow_traj_wd/install/follow_traj_wd' for CMake module files
[3.760s] Level 1:colcon.colcon_core.environment:checking '/home/nvidia/vcii/wudi/hezi_ros2/src/demo1/follow_traj_wd/install/follow_traj_wd' for CMake config files
[3.763s] Level 1:colcon.colcon_core.environment:checking '/home/nvidia/vcii/wudi/hezi_ros2/src/demo1/follow_traj_wd/install/follow_traj_wd/lib'
[3.763s] Level 1:colcon.colcon_core.environment:checking '/home/nvidia/vcii/wudi/hezi_ros2/src/demo1/follow_traj_wd/install/follow_traj_wd/bin'
[3.763s] Level 1:colcon.colcon_core.environment:checking '/home/nvidia/vcii/wudi/hezi_ros2/src/demo1/follow_traj_wd/install/follow_traj_wd/lib/pkgconfig/follow_traj_wd.pc'
[3.764s] Level 1:colcon.colcon_core.environment:checking '/home/nvidia/vcii/wudi/hezi_ros2/src/demo1/follow_traj_wd/install/follow_traj_wd/lib/python3.8/site-packages'
[3.764s] Level 1:colcon.colcon_core.shell:create_environment_hook('follow_traj_wd', 'pythonpath')
[3.765s] INFO:colcon.colcon_core.shell:Creating environment hook '/home/nvidia/vcii/wudi/hezi_ros2/src/demo1/follow_traj_wd/install/follow_traj_wd/share/follow_traj_wd/hook/pythonpath.ps1'
[3.767s] INFO:colcon.colcon_core.shell:Creating environment descriptor '/home/nvidia/vcii/wudi/hezi_ros2/src/demo1/follow_traj_wd/install/follow_traj_wd/share/follow_traj_wd/hook/pythonpath.dsv'
[3.768s] INFO:colcon.colcon_core.shell:Creating environment hook '/home/nvidia/vcii/wudi/hezi_ros2/src/demo1/follow_traj_wd/install/follow_traj_wd/share/follow_traj_wd/hook/pythonpath.sh'
[3.770s] Level 1:colcon.colcon_core.environment:checking '/home/nvidia/vcii/wudi/hezi_ros2/src/demo1/follow_traj_wd/install/follow_traj_wd/bin'
[3.771s] Level 1:colcon.colcon_core.environment:create_environment_scripts_only(follow_traj_wd)
[3.772s] INFO:colcon.colcon_core.shell:Creating package script '/home/nvidia/vcii/wudi/hezi_ros2/src/demo1/follow_traj_wd/install/follow_traj_wd/share/follow_traj_wd/package.ps1'
[3.774s] INFO:colcon.colcon_core.shell:Creating package descriptor '/home/nvidia/vcii/wudi/hezi_ros2/src/demo1/follow_traj_wd/install/follow_traj_wd/share/follow_traj_wd/package.dsv'
[3.775s] INFO:colcon.colcon_core.shell:Creating package script '/home/nvidia/vcii/wudi/hezi_ros2/src/demo1/follow_traj_wd/install/follow_traj_wd/share/follow_traj_wd/package.sh'
[3.777s] INFO:colcon.colcon_core.shell:Creating package script '/home/nvidia/vcii/wudi/hezi_ros2/src/demo1/follow_traj_wd/install/follow_traj_wd/share/follow_traj_wd/package.bash'
[3.779s] INFO:colcon.colcon_core.shell:Creating package script '/home/nvidia/vcii/wudi/hezi_ros2/src/demo1/follow_traj_wd/install/follow_traj_wd/share/follow_traj_wd/package.zsh'
[3.782s] Level 1:colcon.colcon_core.environment:create_file_with_runtime_dependencies(/home/nvidia/vcii/wudi/hezi_ros2/src/demo1/follow_traj_wd/install/follow_traj_wd/share/colcon-core/packages/follow_traj_wd)
[3.783s] DEBUG:colcon.colcon_parallel_executor.executor.parallel:closing loop
[3.784s] DEBUG:colcon.colcon_parallel_executor.executor.parallel:loop closed
[3.786s] DEBUG:colcon.colcon_parallel_executor.executor.parallel:run_until_complete finished with '0'
[3.786s] DEBUG:colcon.colcon_core.event_reactor:joining thread
[3.809s] INFO:colcon.colcon_core.plugin_system:Skipping extension 'colcon_notification.desktop_notification.terminal_notifier': Not used on non-Darwin systems
[3.809s] INFO:colcon.colcon_core.plugin_system:Skipping extension 'colcon_notification.desktop_notification.win32': Not used on non-Windows systems
[3.810s] INFO:colcon.colcon_notification.desktop_notification:Sending desktop notification using 'notify2'
[3.866s] DEBUG:colcon.colcon_core.event_reactor:joined thread
[3.867s] INFO:colcon.colcon_core.shell:Creating prefix script '/home/nvidia/vcii/wudi/hezi_ros2/src/demo1/follow_traj_wd/install/local_setup.ps1'
[3.870s] INFO:colcon.colcon_core.shell:Creating prefix util module '/home/nvidia/vcii/wudi/hezi_ros2/src/demo1/follow_traj_wd/install/_local_setup_util_ps1.py'
[3.875s] INFO:colcon.colcon_core.shell:Creating prefix chain script '/home/nvidia/vcii/wudi/hezi_ros2/src/demo1/follow_traj_wd/install/setup.ps1'
[3.879s] INFO:colcon.colcon_core.shell:Creating prefix script '/home/nvidia/vcii/wudi/hezi_ros2/src/demo1/follow_traj_wd/install/local_setup.sh'
[3.881s] INFO:colcon.colcon_core.shell:Creating prefix util module '/home/nvidia/vcii/wudi/hezi_ros2/src/demo1/follow_traj_wd/install/_local_setup_util_sh.py'
[3.882s] INFO:colcon.colcon_core.shell:Creating prefix chain script '/home/nvidia/vcii/wudi/hezi_ros2/src/demo1/follow_traj_wd/install/setup.sh'
[3.886s] INFO:colcon.colcon_core.shell:Creating prefix script '/home/nvidia/vcii/wudi/hezi_ros2/src/demo1/follow_traj_wd/install/local_setup.bash'
[3.888s] INFO:colcon.colcon_core.shell:Creating prefix chain script '/home/nvidia/vcii/wudi/hezi_ros2/src/demo1/follow_traj_wd/install/setup.bash'
[3.893s] INFO:colcon.colcon_core.shell:Creating prefix script '/home/nvidia/vcii/wudi/hezi_ros2/src/demo1/follow_traj_wd/install/local_setup.zsh'
[3.894s] INFO:colcon.colcon_core.shell:Creating prefix chain script '/home/nvidia/vcii/wudi/hezi_ros2/src/demo1/follow_traj_wd/install/setup.zsh'
