[1.676s] Invoking command in '/home/nvidia/vcii/wudi/hezi_ros2/src/demo1/follow_traj_wd': PYTHONPATH=/home/nvidia/vcii/wudi/hezi_ros2/src/demo1/follow_traj_wd/build/follow_traj_wd/prefix_override:/usr/lib/python3/dist-packages/colcon_core/task/python/colcon_distutils_commands:/home/nvidia/vcii/wudi/hezi_ros2/src/demo1/follow_traj_wd/install/follow_traj_wd/lib/python3.8/site-packages:${PYTHONPATH} /usr/bin/python3 -W ignore:setup.py install is deprecated setup.py egg_info --egg-base build/follow_traj_wd build --build-base /home/nvidia/vcii/wudi/hezi_ros2/src/demo1/follow_traj_wd/build/follow_traj_wd/build install --record /home/nvidia/vcii/wudi/hezi_ros2/src/demo1/follow_traj_wd/build/follow_traj_wd/install.log --single-version-externally-managed install_data
[2.169s] running egg_info
[2.170s] writing build/follow_traj_wd/follow_traj_wd.egg-info/PKG-INFO
[2.171s] writing dependency_links to build/follow_traj_wd/follow_traj_wd.egg-info/dependency_links.txt
[2.171s] writing entry points to build/follow_traj_wd/follow_traj_wd.egg-info/entry_points.txt
[2.172s] writing requirements to build/follow_traj_wd/follow_traj_wd.egg-info/requires.txt
[2.173s] writing top-level names to build/follow_traj_wd/follow_traj_wd.egg-info/top_level.txt
[2.241s] reading manifest file 'build/follow_traj_wd/follow_traj_wd.egg-info/SOURCES.txt'
[2.243s] writing manifest file 'build/follow_traj_wd/follow_traj_wd.egg-info/SOURCES.txt'
[2.244s] running build
[2.244s] running build_py
[2.246s] copying follow_traj_wd/follow_demo_mpc_bank.py -> /home/nvidia/vcii/wudi/hezi_ros2/src/demo1/follow_traj_wd/build/follow_traj_wd/build/lib/follow_traj_wd
[2.249s] running install
[2.251s] running install_lib
[2.254s] copying /home/nvidia/vcii/wudi/hezi_ros2/src/demo1/follow_traj_wd/build/follow_traj_wd/build/lib/follow_traj_wd/follow_demo_mpc_bank.py -> /home/nvidia/vcii/wudi/hezi_ros2/src/demo1/follow_traj_wd/install/follow_traj_wd/lib/python3.8/site-packages/follow_traj_wd
[2.256s] byte-compiling /home/nvidia/vcii/wudi/hezi_ros2/src/demo1/follow_traj_wd/install/follow_traj_wd/lib/python3.8/site-packages/follow_traj_wd/follow_demo_mpc_bank.py to follow_demo_mpc_bank.cpython-38.pyc
[2.266s] running install_data
[2.267s] running install_egg_info
[2.272s] removing '/home/nvidia/vcii/wudi/hezi_ros2/src/demo1/follow_traj_wd/install/follow_traj_wd/lib/python3.8/site-packages/follow_traj_wd-0.0.0-py3.8.egg-info' (and everything under it)
[2.273s] Copying build/follow_traj_wd/follow_traj_wd.egg-info to /home/nvidia/vcii/wudi/hezi_ros2/src/demo1/follow_traj_wd/install/follow_traj_wd/lib/python3.8/site-packages/follow_traj_wd-0.0.0-py3.8.egg-info
[2.275s] running install_scripts
[2.310s] Installing adjust_trajectory script to /home/nvidia/vcii/wudi/hezi_ros2/src/demo1/follow_traj_wd/install/follow_traj_wd/lib/follow_traj_wd
[2.311s] Installing can_node script to /home/nvidia/vcii/wudi/hezi_ros2/src/demo1/follow_traj_wd/install/follow_traj_wd/lib/follow_traj_wd
[2.311s] Installing follow_node script to /home/nvidia/vcii/wudi/hezi_ros2/src/demo1/follow_traj_wd/install/follow_traj_wd/lib/follow_traj_wd
[2.312s] Installing mpc_follow_node script to /home/nvidia/vcii/wudi/hezi_ros2/src/demo1/follow_traj_wd/install/follow_traj_wd/lib/follow_traj_wd
[2.314s] writing list of installed files to '/home/nvidia/vcii/wudi/hezi_ros2/src/demo1/follow_traj_wd/build/follow_traj_wd/install.log'
[2.389s] Invoked command in '/home/nvidia/vcii/wudi/hezi_ros2/src/demo1/follow_traj_wd' returned '0': PYTHONPATH=/home/nvidia/vcii/wudi/hezi_ros2/src/demo1/follow_traj_wd/build/follow_traj_wd/prefix_override:/usr/lib/python3/dist-packages/colcon_core/task/python/colcon_distutils_commands:/home/nvidia/vcii/wudi/hezi_ros2/src/demo1/follow_traj_wd/install/follow_traj_wd/lib/python3.8/site-packages:${PYTHONPATH} /usr/bin/python3 -W ignore:setup.py install is deprecated setup.py egg_info --egg-base build/follow_traj_wd build --build-base /home/nvidia/vcii/wudi/hezi_ros2/src/demo1/follow_traj_wd/build/follow_traj_wd/build install --record /home/nvidia/vcii/wudi/hezi_ros2/src/demo1/follow_traj_wd/build/follow_traj_wd/install.log --single-version-externally-managed install_data
